

Started GET "/" for 127.0.0.1 at 2014-12-13 22:56:04 +0000

ActiveRecord::NoDatabaseError (Unknown database 'saint_coran_development'Run `$ bin/rake db:create db:migrate` to create your database):
  activerecord (4.1.8) lib/active_record/connection_adapters/mysql2_adapter.rb:23:in `rescue in mysql2_connection'
  activerecord (4.1.8) lib/active_record/connection_adapters/mysql2_adapter.rb:10:in `mysql2_connection'
  activerecord (4.1.8) lib/active_record/connection_adapters/abstract/connection_pool.rb:435:in `new_connection'
  activerecord (4.1.8) lib/active_record/connection_adapters/abstract/connection_pool.rb:445:in `checkout_new_connection'
  activerecord (4.1.8) lib/active_record/connection_adapters/abstract/connection_pool.rb:416:in `acquire_connection'
  activerecord (4.1.8) lib/active_record/connection_adapters/abstract/connection_pool.rb:351:in `block in checkout'
  /System/Library/Frameworks/Ruby.framework/Versions/2.0/usr/lib/ruby/2.0.0/monitor.rb:211:in `mon_synchronize'
  activerecord (4.1.8) lib/active_record/connection_adapters/abstract/connection_pool.rb:350:in `checkout'
  activerecord (4.1.8) lib/active_record/connection_adapters/abstract/connection_pool.rb:265:in `block in connection'
  /System/Library/Frameworks/Ruby.framework/Versions/2.0/usr/lib/ruby/2.0.0/monitor.rb:211:in `mon_synchronize'
  activerecord (4.1.8) lib/active_record/connection_adapters/abstract/connection_pool.rb:264:in `connection'
  activerecord (4.1.8) lib/active_record/connection_adapters/abstract/connection_pool.rb:541:in `retrieve_connection'
  activerecord (4.1.8) lib/active_record/connection_handling.rb:113:in `retrieve_connection'
  activerecord (4.1.8) lib/active_record/connection_handling.rb:87:in `connection'
  activerecord (4.1.8) lib/active_record/query_cache.rb:51:in `restore_query_cache_settings'
  activerecord (4.1.8) lib/active_record/query_cache.rb:43:in `rescue in call'
  activerecord (4.1.8) lib/active_record/query_cache.rb:32:in `call'
  activerecord (4.1.8) lib/active_record/connection_adapters/abstract/connection_pool.rb:621:in `call'
  activerecord (4.1.8) lib/active_record/migration.rb:380:in `call'
  actionpack (4.1.8) lib/action_dispatch/middleware/callbacks.rb:29:in `block in call'
  activesupport (4.1.8) lib/active_support/callbacks.rb:82:in `run_callbacks'
  actionpack (4.1.8) lib/action_dispatch/middleware/callbacks.rb:27:in `call'
  actionpack (4.1.8) lib/action_dispatch/middleware/reloader.rb:73:in `call'
  actionpack (4.1.8) lib/action_dispatch/middleware/remote_ip.rb:76:in `call'
  actionpack (4.1.8) lib/action_dispatch/middleware/debug_exceptions.rb:17:in `call'
  actionpack (4.1.8) lib/action_dispatch/middleware/show_exceptions.rb:30:in `call'
  railties (4.1.8) lib/rails/rack/logger.rb:38:in `call_app'
  railties (4.1.8) lib/rails/rack/logger.rb:20:in `block in call'
  activesupport (4.1.8) lib/active_support/tagged_logging.rb:68:in `block in tagged'
  activesupport (4.1.8) lib/active_support/tagged_logging.rb:26:in `tagged'
  activesupport (4.1.8) lib/active_support/tagged_logging.rb:68:in `tagged'
  railties (4.1.8) lib/rails/rack/logger.rb:20:in `call'
  actionpack (4.1.8) lib/action_dispatch/middleware/request_id.rb:21:in `call'
  rack (1.5.2) lib/rack/methodoverride.rb:21:in `call'
  rack (1.5.2) lib/rack/runtime.rb:17:in `call'
  activesupport (4.1.8) lib/active_support/cache/strategy/local_cache_middleware.rb:26:in `call'
  rack (1.5.2) lib/rack/lock.rb:17:in `call'
  actionpack (4.1.8) lib/action_dispatch/middleware/static.rb:84:in `call'
  rack (1.5.2) lib/rack/sendfile.rb:112:in `call'
  railties (4.1.8) lib/rails/engine.rb:514:in `call'
  railties (4.1.8) lib/rails/application.rb:144:in `call'
  rack (1.5.2) lib/rack/lock.rb:17:in `call'
  rack (1.5.2) lib/rack/content_length.rb:14:in `call'
  rack (1.5.2) lib/rack/handler/webrick.rb:60:in `service'
  /System/Library/Frameworks/Ruby.framework/Versions/2.0/usr/lib/ruby/2.0.0/webrick/httpserver.rb:138:in `service'
  /System/Library/Frameworks/Ruby.framework/Versions/2.0/usr/lib/ruby/2.0.0/webrick/httpserver.rb:94:in `run'
  /System/Library/Frameworks/Ruby.framework/Versions/2.0/usr/lib/ruby/2.0.0/webrick/server.rb:295:in `block in start_thread'


  Rendered /Library/Ruby/Gems/2.0.0/gems/actionpack-4.1.8/lib/action_dispatch/middleware/templates/rescues/_source.erb (0.5ms)
  Rendered /Library/Ruby/Gems/2.0.0/gems/actionpack-4.1.8/lib/action_dispatch/middleware/templates/rescues/_trace.html.erb (2.1ms)
  Rendered /Library/Ruby/Gems/2.0.0/gems/actionpack-4.1.8/lib/action_dispatch/middleware/templates/rescues/_request_and_response.html.erb (0.8ms)
  Rendered /Library/Ruby/Gems/2.0.0/gems/actionpack-4.1.8/lib/action_dispatch/middleware/templates/rescues/diagnostics.erb within rescues/layout (41.8ms)
  [1m[36m (728.9ms)[0m  [1mCREATE TABLE `schema_migrations` (`version` varchar(255) NOT NULL) ENGINE=InnoDB[0m
  [1m[35m (515.7ms)[0m  CREATE UNIQUE INDEX `unique_schema_migrations`  ON `schema_migrations` (`version`) 
  [1m[36mActiveRecord::SchemaMigration Load (0.3ms)[0m  [1mSELECT `schema_migrations`.* FROM `schema_migrations`[0m


Started GET "/" for 127.0.0.1 at 2014-12-13 22:56:55 +0000
Processing by Rails::WelcomeController#index as HTML
  Rendered /Library/Ruby/Gems/2.0.0/gems/railties-4.1.8/lib/rails/templates/rails/welcome/index.html.erb (1.4ms)
Completed 200 OK in 80ms (Views: 17.1ms | ActiveRecord: 0.0ms)


Started GET "/" for 127.0.0.1 at 2014-12-13 22:59:01 +0000
Processing by Rails::WelcomeController#index as HTML
  Rendered /Library/Ruby/Gems/2.0.0/gems/railties-4.1.8/lib/rails/templates/rails/welcome/index.html.erb (0.1ms)
Completed 200 OK in 33ms (Views: 32.9ms | ActiveRecord: 0.0ms)


Started GET "/home" for 127.0.0.1 at 2014-12-13 22:59:17 +0000

ActionController::RoutingError (No route matches [GET] "/home"):
  actionpack (4.1.8) lib/action_dispatch/middleware/debug_exceptions.rb:21:in `call'
  actionpack (4.1.8) lib/action_dispatch/middleware/show_exceptions.rb:30:in `call'
  railties (4.1.8) lib/rails/rack/logger.rb:38:in `call_app'
  railties (4.1.8) lib/rails/rack/logger.rb:20:in `block in call'
  activesupport (4.1.8) lib/active_support/tagged_logging.rb:68:in `block in tagged'
  activesupport (4.1.8) lib/active_support/tagged_logging.rb:26:in `tagged'
  activesupport (4.1.8) lib/active_support/tagged_logging.rb:68:in `tagged'
  railties (4.1.8) lib/rails/rack/logger.rb:20:in `call'
  actionpack (4.1.8) lib/action_dispatch/middleware/request_id.rb:21:in `call'
  rack (1.5.2) lib/rack/methodoverride.rb:21:in `call'
  rack (1.5.2) lib/rack/runtime.rb:17:in `call'
  activesupport (4.1.8) lib/active_support/cache/strategy/local_cache_middleware.rb:26:in `call'
  rack (1.5.2) lib/rack/lock.rb:17:in `call'
  actionpack (4.1.8) lib/action_dispatch/middleware/static.rb:84:in `call'
  rack (1.5.2) lib/rack/sendfile.rb:112:in `call'
  railties (4.1.8) lib/rails/engine.rb:514:in `call'
  railties (4.1.8) lib/rails/application.rb:144:in `call'
  rack (1.5.2) lib/rack/lock.rb:17:in `call'
  rack (1.5.2) lib/rack/content_length.rb:14:in `call'
  rack (1.5.2) lib/rack/handler/webrick.rb:60:in `service'
  /System/Library/Frameworks/Ruby.framework/Versions/2.0/usr/lib/ruby/2.0.0/webrick/httpserver.rb:138:in `service'
  /System/Library/Frameworks/Ruby.framework/Versions/2.0/usr/lib/ruby/2.0.0/webrick/httpserver.rb:94:in `run'
  /System/Library/Frameworks/Ruby.framework/Versions/2.0/usr/lib/ruby/2.0.0/webrick/server.rb:295:in `block in start_thread'


  Rendered /Library/Ruby/Gems/2.0.0/gems/actionpack-4.1.8/lib/action_dispatch/middleware/templates/rescues/_trace.html.erb (1.3ms)
  Rendered /Library/Ruby/Gems/2.0.0/gems/actionpack-4.1.8/lib/action_dispatch/middleware/templates/routes/_route.html.erb (2.2ms)
  Rendered /Library/Ruby/Gems/2.0.0/gems/actionpack-4.1.8/lib/action_dispatch/middleware/templates/routes/_table.html.erb (94.5ms)
  Rendered /Library/Ruby/Gems/2.0.0/gems/actionpack-4.1.8/lib/action_dispatch/middleware/templates/rescues/routing_error.html.erb within rescues/layout (199.1ms)


Started GET "/static_pages/home" for 127.0.0.1 at 2014-12-13 23:02:10 +0000
Processing by StaticPagesController#home as HTML
  Rendered static_pages/home.html.erb within layouts/application (0.9ms)
Completed 500 Internal Server Error in 96ms

ActionView::Template::Error (undefined method `full_title' for #<#<Class:0x007fd2a18f8cb8>:0x007fd2a18f8038>):
    1: <!DOCTYPE html>
    2: <html>
    3:   <head>
    4:     <title><%= full_title(yield(:title)) %></title>
    5:     <%= stylesheet_link_tag 'application', media: 'all',
    6:                                            'data-turbolinks-track' => true %>
    7:     <%= javascript_include_tag 'application', 'data-turbolinks-track' => true %>
  app/views/layouts/application.html.erb:4:in `_app_views_layouts_application_html_erb___3960753631526819517_70271315237060'


  Rendered /Library/Ruby/Gems/2.0.0/gems/actionpack-4.1.8/lib/action_dispatch/middleware/templates/rescues/_trace.html.erb (2.7ms)
  Rendered /Library/Ruby/Gems/2.0.0/gems/actionpack-4.1.8/lib/action_dispatch/middleware/templates/rescues/_request_and_response.html.erb (1.1ms)
  Rendered /Library/Ruby/Gems/2.0.0/gems/actionpack-4.1.8/lib/action_dispatch/middleware/templates/rescues/template_error.html.erb within rescues/layout (35.8ms)


Started GET "/static_pages/home" for 127.0.0.1 at 2014-12-13 23:02:33 +0000
Processing by StaticPagesController#home as HTML
  Rendered static_pages/home.html.erb within layouts/application (0.4ms)
Completed 500 Internal Server Error in 9ms

ActionView::Template::Error (undefined method `full_title' for #<#<Class:0x007fd2a18f8cb8>:0x007fd29c418c48>):
    1: <!DOCTYPE html>
    2: <html>
    3:   <head>
    4:     <title><%= full_title(yield(:title)) %></title>
    5:     <%= stylesheet_link_tag 'application', media: 'all',
    6:                                            'data-turbolinks-track' => true %>
    7:     <%= javascript_include_tag 'application', 'data-turbolinks-track' => true %>
  app/views/layouts/application.html.erb:4:in `_app_views_layouts_application_html_erb___3960753631526819517_70271315237060'


  Rendered /Library/Ruby/Gems/2.0.0/gems/actionpack-4.1.8/lib/action_dispatch/middleware/templates/rescues/_trace.html.erb (1.3ms)
  Rendered /Library/Ruby/Gems/2.0.0/gems/actionpack-4.1.8/lib/action_dispatch/middleware/templates/rescues/_request_and_response.html.erb (0.8ms)
  Rendered /Library/Ruby/Gems/2.0.0/gems/actionpack-4.1.8/lib/action_dispatch/middleware/templates/rescues/template_error.html.erb within rescues/layout (10.7ms)


Started GET "/static_pages/home" for 127.0.0.1 at 2014-12-13 23:08:02 +0000
Processing by StaticPagesController#home as HTML
  Rendered static_pages/home.html.erb within layouts/application (1.2ms)
Completed 500 Internal Server Error in 32ms

ActionView::Template::Error (undefined method `full_title' for #<#<Class:0x007fd2a18f8cb8>:0x007fd2a1893188>):
    1: <!DOCTYPE html>
    2: <html>
    3:   <head>
    4:     <title><%= full_title(yield(:title)) %></title>
    5:     <%= stylesheet_link_tag 'application', media: 'all',
    6:                                            'data-turbolinks-track' => true %>
    7:     <%= javascript_include_tag 'application', 'data-turbolinks-track' => true %>
  app/views/layouts/application.html.erb:4:in `_app_views_layouts_application_html_erb___3960753631526819517_70271315237060'


  Rendered /Library/Ruby/Gems/2.0.0/gems/actionpack-4.1.8/lib/action_dispatch/middleware/templates/rescues/_trace.html.erb (1.5ms)
  Rendered /Library/Ruby/Gems/2.0.0/gems/actionpack-4.1.8/lib/action_dispatch/middleware/templates/rescues/_request_and_response.html.erb (0.8ms)
  Rendered /Library/Ruby/Gems/2.0.0/gems/actionpack-4.1.8/lib/action_dispatch/middleware/templates/rescues/template_error.html.erb within rescues/layout (14.9ms)


Started GET "/" for 127.0.0.1 at 2014-12-13 23:09:28 +0000
Processing by StaticPagesController#home as HTML
  Rendered static_pages/home.html.erb within layouts/application (0.1ms)
Completed 500 Internal Server Error in 40ms

ActionView::Template::Error (undefined method `full_title' for #<#<Class:0x007fd2a1b50998>:0x007fd2a1b50038>):
    1: <!DOCTYPE html>
    2: <html>
    3:   <head>
    4:     <title><%= full_title(yield(:title)) %></title>
    5:     <%= stylesheet_link_tag 'application', media: 'all',
    6:                                            'data-turbolinks-track' => true %>
    7:     <%= javascript_include_tag 'application', 'data-turbolinks-track' => true %>
  app/views/layouts/application.html.erb:4:in `_app_views_layouts_application_html_erb___3960753631526819517_70271315237060'


  Rendered /Library/Ruby/Gems/2.0.0/gems/actionpack-4.1.8/lib/action_dispatch/middleware/templates/rescues/_trace.html.erb (1.7ms)
  Rendered /Library/Ruby/Gems/2.0.0/gems/actionpack-4.1.8/lib/action_dispatch/middleware/templates/rescues/_request_and_response.html.erb (0.8ms)
  Rendered /Library/Ruby/Gems/2.0.0/gems/actionpack-4.1.8/lib/action_dispatch/middleware/templates/rescues/template_error.html.erb within rescues/layout (14.9ms)


Started GET "/" for 127.0.0.1 at 2014-12-13 23:10:29 +0000
Processing by StaticPagesController#home as HTML
  Rendered static_pages/home.html.erb within layouts/application (0.1ms)
Completed 200 OK in 1930ms (Views: 1929.2ms | ActiveRecord: 0.0ms)


Started GET "/assets/static_pages.css?body=1" for 127.0.0.1 at 2014-12-13 23:10:31 +0000


Started GET "/assets/jquery.js?body=1" for 127.0.0.1 at 2014-12-13 23:10:31 +0000


Started GET "/assets/application.css?body=1" for 127.0.0.1 at 2014-12-13 23:10:31 +0000


Started GET "/assets/jquery_ujs.js?body=1" for 127.0.0.1 at 2014-12-13 23:10:31 +0000


Started GET "/assets/turbolinks.js?body=1" for 127.0.0.1 at 2014-12-13 23:10:31 +0000


Started GET "/assets/static_pages.js?body=1" for 127.0.0.1 at 2014-12-13 23:10:31 +0000


Started GET "/assets/application.js?body=1" for 127.0.0.1 at 2014-12-13 23:10:31 +0000


Started GET "/" for 127.0.0.1 at 2014-12-13 23:14:09 +0000
Processing by StaticPagesController#home as HTML
  Rendered static_pages/home.html.erb within layouts/application (0.2ms)
Completed 200 OK in 109ms (Views: 107.8ms | ActiveRecord: 0.0ms)


Started GET "/assets/static_pages.css?body=1" for 127.0.0.1 at 2014-12-13 23:14:09 +0000


Started GET "/assets/application.js?body=1" for 127.0.0.1 at 2014-12-13 23:14:09 +0000


Started GET "/assets/jquery_ujs.js?body=1" for 127.0.0.1 at 2014-12-13 23:14:09 +0000


Started GET "/assets/application.css?body=1" for 127.0.0.1 at 2014-12-13 23:14:09 +0000


Started GET "/assets/static_pages.js?body=1" for 127.0.0.1 at 2014-12-13 23:14:09 +0000


Started GET "/assets/turbolinks.js?body=1" for 127.0.0.1 at 2014-12-13 23:14:09 +0000


Started GET "/assets/jquery.js?body=1" for 127.0.0.1 at 2014-12-13 23:14:09 +0000


Started GET "/" for 127.0.0.1 at 2014-12-13 23:20:09 +0000
Processing by StaticPagesController#home as HTML
  Rendered static_pages/home.html.erb within layouts/application (0.3ms)
Completed 200 OK in 113ms (Views: 112.5ms | ActiveRecord: 0.0ms)


Started GET "/assets/static_pages.css?body=1" for 127.0.0.1 at 2014-12-13 23:20:09 +0000


Started GET "/assets/turbolinks.js?body=1" for 127.0.0.1 at 2014-12-13 23:20:09 +0000


Started GET "/assets/application.css?body=1" for 127.0.0.1 at 2014-12-13 23:20:09 +0000


Started GET "/assets/jquery_ujs.js?body=1" for 127.0.0.1 at 2014-12-13 23:20:09 +0000


Started GET "/assets/application.js?body=1" for 127.0.0.1 at 2014-12-13 23:20:09 +0000


Started GET "/assets/jquery.js?body=1" for 127.0.0.1 at 2014-12-13 23:20:09 +0000


Started GET "/assets/static_pages.js?body=1" for 127.0.0.1 at 2014-12-13 23:20:09 +0000


Started GET "/" for 127.0.0.1 at 2014-12-13 23:21:47 +0000
Processing by StaticPagesController#home as HTML
  Rendered static_pages/home.html.erb within layouts/application (58.0ms)
Completed 200 OK in 149ms (Views: 148.2ms | ActiveRecord: 0.0ms)


Started GET "/assets/static_pages.css?body=1" for 127.0.0.1 at 2014-12-13 23:21:47 +0000


Started GET "/assets/jquery.js?body=1" for 127.0.0.1 at 2014-12-13 23:21:47 +0000


Started GET "/assets/jquery_ujs.js?body=1" for 127.0.0.1 at 2014-12-13 23:21:47 +0000


Started GET "/assets/application.css?body=1" for 127.0.0.1 at 2014-12-13 23:21:47 +0000


Started GET "/assets/turbolinks.js?body=1" for 127.0.0.1 at 2014-12-13 23:21:47 +0000


Started GET "/assets/application.js?body=1" for 127.0.0.1 at 2014-12-13 23:21:47 +0000


Started GET "/assets/static_pages.js?body=1" for 127.0.0.1 at 2014-12-13 23:21:47 +0000


Started GET "/assets/rails.png" for 127.0.0.1 at 2014-12-13 23:21:47 +0000


Started GET "/" for 127.0.0.1 at 2014-12-13 23:25:20 +0000
Processing by StaticPagesController#home as HTML
  Rendered static_pages/home.html.erb within layouts/application (0.7ms)
Completed 200 OK in 80ms (Views: 79.3ms | ActiveRecord: 0.0ms)


Started GET "/assets/static_pages.css?body=1" for 127.0.0.1 at 2014-12-13 23:25:20 +0000


Started GET "/assets/jquery.js?body=1" for 127.0.0.1 at 2014-12-13 23:25:20 +0000


Started GET "/assets/application.css?body=1" for 127.0.0.1 at 2014-12-13 23:25:20 +0000


Started GET "/assets/static_pages.js?body=1" for 127.0.0.1 at 2014-12-13 23:25:20 +0000


Started GET "/assets/turbolinks.js?body=1" for 127.0.0.1 at 2014-12-13 23:25:20 +0000


Started GET "/assets/application.js?body=1" for 127.0.0.1 at 2014-12-13 23:25:20 +0000


Started GET "/assets/jquery_ujs.js?body=1" for 127.0.0.1 at 2014-12-13 23:25:20 +0000


Started GET "/assets/rails.png" for 127.0.0.1 at 2014-12-13 23:25:20 +0000


Started GET "/" for 127.0.0.1 at 2014-12-13 23:27:51 +0000
Processing by StaticPagesController#home as HTML
  Rendered static_pages/home.html.erb within layouts/application (0.4ms)
Completed 500 Internal Server Error in 88ms

ActionView::Template::Error (File to import not found or unreadable: bootstrap-sprockets.
Load paths:
  /Users/abndsn/rails_projets/saint_coran/app/assets/images
  /Users/abndsn/rails_projets/saint_coran/app/assets/javascripts
  /Users/abndsn/rails_projets/saint_coran/app/assets/stylesheets
  /Users/abndsn/rails_projets/saint_coran/vendor/assets/javascripts
  /Users/abndsn/rails_projets/saint_coran/vendor/assets/stylesheets
  /Library/Ruby/Gems/2.0.0/gems/turbolinks-2.5.3/lib/assets/javascripts
  /Library/Ruby/Gems/2.0.0/gems/jquery-rails-3.1.2/vendor/assets/javascripts
  /Library/Ruby/Gems/2.0.0/gems/coffee-rails-4.0.1/lib/assets/javascripts
  (in /Users/abndsn/rails_projets/saint_coran/app/assets/stylesheets/custom.css.scss:1)):
    2: <html>
    3:   <head>
    4:     <title><%= full_title(yield(:title)) %></title>
    5:     <%= stylesheet_link_tag 'application', media: 'all',
    6:                                            'data-turbolinks-track' => true %>
    7:     <%= javascript_include_tag 'application', 'data-turbolinks-track' => true %>
    8:     <%= csrf_meta_tags %>
  app/assets/stylesheets/custom.css.scss:1
  app/views/layouts/application.html.erb:5:in `_app_views_layouts_application_html_erb___3960753631526819517_70271270965140'


  Rendered /Library/Ruby/Gems/2.0.0/gems/actionpack-4.1.8/lib/action_dispatch/middleware/templates/rescues/_trace.html.erb (1.4ms)
  Rendered /Library/Ruby/Gems/2.0.0/gems/actionpack-4.1.8/lib/action_dispatch/middleware/templates/rescues/_request_and_response.html.erb (0.9ms)
  Rendered /Library/Ruby/Gems/2.0.0/gems/actionpack-4.1.8/lib/action_dispatch/middleware/templates/rescues/template_error.html.erb within rescues/layout (17.9ms)


Started GET "/" for 127.0.0.1 at 2014-12-13 23:28:32 +0000
Processing by StaticPagesController#home as HTML
  Rendered static_pages/home.html.erb within layouts/application (0.3ms)
Completed 500 Internal Server Error in 56ms

ActionView::Template::Error (File to import not found or unreadable: bootstrap.
Load paths:
  /Users/abndsn/rails_projets/saint_coran/app/assets/images
  /Users/abndsn/rails_projets/saint_coran/app/assets/javascripts
  /Users/abndsn/rails_projets/saint_coran/app/assets/stylesheets
  /Users/abndsn/rails_projets/saint_coran/vendor/assets/javascripts
  /Users/abndsn/rails_projets/saint_coran/vendor/assets/stylesheets
  /Library/Ruby/Gems/2.0.0/gems/turbolinks-2.5.3/lib/assets/javascripts
  /Library/Ruby/Gems/2.0.0/gems/jquery-rails-3.1.2/vendor/assets/javascripts
  /Library/Ruby/Gems/2.0.0/gems/coffee-rails-4.0.1/lib/assets/javascripts
  (in /Users/abndsn/rails_projets/saint_coran/app/assets/stylesheets/custom.css.scss:2)):
    2: <html>
    3:   <head>
    4:     <title><%= full_title(yield(:title)) %></title>
    5:     <%= stylesheet_link_tag 'application', media: 'all',
    6:                                            'data-turbolinks-track' => true %>
    7:     <%= javascript_include_tag 'application', 'data-turbolinks-track' => true %>
    8:     <%= csrf_meta_tags %>
  app/assets/stylesheets/custom.css.scss:2
  app/views/layouts/application.html.erb:5:in `_app_views_layouts_application_html_erb___3960753631526819517_70271270965140'


  Rendered /Library/Ruby/Gems/2.0.0/gems/actionpack-4.1.8/lib/action_dispatch/middleware/templates/rescues/_trace.html.erb (1.1ms)
  Rendered /Library/Ruby/Gems/2.0.0/gems/actionpack-4.1.8/lib/action_dispatch/middleware/templates/rescues/_request_and_response.html.erb (0.8ms)
  Rendered /Library/Ruby/Gems/2.0.0/gems/actionpack-4.1.8/lib/action_dispatch/middleware/templates/rescues/template_error.html.erb within rescues/layout (10.1ms)


Started GET "/" for 127.0.0.1 at 2014-12-13 23:28:40 +0000
Processing by StaticPagesController#home as HTML
  Rendered static_pages/home.html.erb within layouts/application (0.4ms)
Completed 500 Internal Server Error in 16ms

ActionView::Template::Error (File to import not found or unreadable: bootstrap-sprockets.
Load paths:
  /Users/abndsn/rails_projets/saint_coran/app/assets/images
  /Users/abndsn/rails_projets/saint_coran/app/assets/javascripts
  /Users/abndsn/rails_projets/saint_coran/app/assets/stylesheets
  /Users/abndsn/rails_projets/saint_coran/vendor/assets/javascripts
  /Users/abndsn/rails_projets/saint_coran/vendor/assets/stylesheets
  /Library/Ruby/Gems/2.0.0/gems/turbolinks-2.5.3/lib/assets/javascripts
  /Library/Ruby/Gems/2.0.0/gems/jquery-rails-3.1.2/vendor/assets/javascripts
  /Library/Ruby/Gems/2.0.0/gems/coffee-rails-4.0.1/lib/assets/javascripts
  (in /Users/abndsn/rails_projets/saint_coran/app/assets/stylesheets/custom.css.scss:1)):
    2: <html>
    3:   <head>
    4:     <title><%= full_title(yield(:title)) %></title>
    5:     <%= stylesheet_link_tag 'application', media: 'all',
    6:                                            'data-turbolinks-track' => true %>
    7:     <%= javascript_include_tag 'application', 'data-turbolinks-track' => true %>
    8:     <%= csrf_meta_tags %>
  app/assets/stylesheets/custom.css.scss:1
  app/views/layouts/application.html.erb:5:in `_app_views_layouts_application_html_erb___3960753631526819517_70271270965140'


  Rendered /Library/Ruby/Gems/2.0.0/gems/actionpack-4.1.8/lib/action_dispatch/middleware/templates/rescues/_trace.html.erb (2.5ms)
  Rendered /Library/Ruby/Gems/2.0.0/gems/actionpack-4.1.8/lib/action_dispatch/middleware/templates/rescues/_request_and_response.html.erb (1.3ms)
  Rendered /Library/Ruby/Gems/2.0.0/gems/actionpack-4.1.8/lib/action_dispatch/middleware/templates/rescues/template_error.html.erb within rescues/layout (15.0ms)


Started GET "/" for 127.0.0.1 at 2014-12-13 23:32:49 +0000
Processing by StaticPagesController#home as HTML
  Rendered static_pages/home.html.erb within layouts/application (0.5ms)
Completed 500 Internal Server Error in 102ms

ActionView::Template::Error (File to import not found or unreadable: bootstrap-sprockets.
Load paths:
  /Users/abndsn/rails_projets/saint_coran/app/assets/images
  /Users/abndsn/rails_projets/saint_coran/app/assets/javascripts
  /Users/abndsn/rails_projets/saint_coran/app/assets/stylesheets
  /Users/abndsn/rails_projets/saint_coran/vendor/assets/javascripts
  /Users/abndsn/rails_projets/saint_coran/vendor/assets/stylesheets
  /Library/Ruby/Gems/2.0.0/gems/turbolinks-2.5.3/lib/assets/javascripts
  /Library/Ruby/Gems/2.0.0/gems/jquery-rails-3.1.2/vendor/assets/javascripts
  /Library/Ruby/Gems/2.0.0/gems/coffee-rails-4.0.1/lib/assets/javascripts
  (in /Users/abndsn/rails_projets/saint_coran/app/assets/stylesheets/custom.css.scss:1)):
    2: <html>
    3:   <head>
    4:     <title><%= full_title(yield(:title)) %></title>
    5:     <%= stylesheet_link_tag 'application', media: 'all',
    6:                                            'data-turbolinks-track' => true %>
    7:     <%= javascript_include_tag 'application', 'data-turbolinks-track' => true %>
    8:     <%= csrf_meta_tags %>
  app/assets/stylesheets/custom.css.scss:1
  app/views/layouts/application.html.erb:5:in `_app_views_layouts_application_html_erb___3960753631526819517_70271270965140'


  Rendered /Library/Ruby/Gems/2.0.0/gems/actionpack-4.1.8/lib/action_dispatch/middleware/templates/rescues/_trace.html.erb (1.7ms)
  Rendered /Library/Ruby/Gems/2.0.0/gems/actionpack-4.1.8/lib/action_dispatch/middleware/templates/rescues/_request_and_response.html.erb (1.7ms)
  Rendered /Library/Ruby/Gems/2.0.0/gems/actionpack-4.1.8/lib/action_dispatch/middleware/templates/rescues/template_error.html.erb within rescues/layout (67.0ms)


Started GET "/" for 127.0.0.1 at 2014-12-13 23:39:50 +0000
Processing by StaticPagesController#home as HTML
  Rendered static_pages/home.html.erb within layouts/application (29.6ms)
Completed 200 OK in 5405ms (Views: 5365.1ms | ActiveRecord: 0.0ms)


Started GET "/assets/custom.css?body=1" for 127.0.0.1 at 2014-12-13 23:39:57 +0000


Started GET "/assets/jquery_ujs.js?body=1" for 127.0.0.1 at 2014-12-13 23:39:57 +0000


Started GET "/assets/static_pages.css?body=1" for 127.0.0.1 at 2014-12-13 23:39:57 +0000


Started GET "/assets/application.css?body=1" for 127.0.0.1 at 2014-12-13 23:39:57 +0000


Started GET "/assets/turbolinks.js?body=1" for 127.0.0.1 at 2014-12-13 23:39:57 +0000


Started GET "/assets/jquery.js?body=1" for 127.0.0.1 at 2014-12-13 23:39:57 +0000


Started GET "/assets/static_pages.js?body=1" for 127.0.0.1 at 2014-12-13 23:39:57 +0000


Started GET "/assets/application.js?body=1" for 127.0.0.1 at 2014-12-13 23:39:57 +0000


Started GET "/assets/rails.png" for 127.0.0.1 at 2014-12-13 23:39:57 +0000


Started GET "/" for 127.0.0.1 at 2014-12-13 23:42:06 +0000
Processing by StaticPagesController#home as HTML
  Rendered static_pages/home.html.erb within layouts/application (0.5ms)
Completed 200 OK in 1762ms (Views: 1761.2ms | ActiveRecord: 0.0ms)


Started GET "/assets/custom.css?body=1" for 127.0.0.1 at 2014-12-13 23:42:07 +0000


Started GET "/assets/jquery_ujs.js?body=1" for 127.0.0.1 at 2014-12-13 23:42:08 +0000


Started GET "/assets/static_pages.css?body=1" for 127.0.0.1 at 2014-12-13 23:42:08 +0000


Started GET "/assets/turbolinks.js?body=1" for 127.0.0.1 at 2014-12-13 23:42:08 +0000


Started GET "/assets/application.css?body=1" for 127.0.0.1 at 2014-12-13 23:42:08 +0000


Started GET "/assets/jquery.js?body=1" for 127.0.0.1 at 2014-12-13 23:42:08 +0000


Started GET "/assets/static_pages.js?body=1" for 127.0.0.1 at 2014-12-13 23:42:08 +0000


Started GET "/assets/application.js?body=1" for 127.0.0.1 at 2014-12-13 23:42:08 +0000


Started GET "/assets/rails.png" for 127.0.0.1 at 2014-12-13 23:42:08 +0000


Started GET "/" for 127.0.0.1 at 2014-12-13 23:52:11 +0000
Processing by StaticPagesController#home as HTML
  Rendered static_pages/home.html.erb within layouts/application (0.6ms)
  Rendered layouts/_shim.html.erb (0.8ms)
  Rendered layouts/_header.html.erb (1.5ms)
  Rendered layouts/_footer.html.erb (1.1ms)
Completed 200 OK in 2988ms (Views: 2986.7ms | ActiveRecord: 0.0ms)


Started GET "/assets/custom.css?body=1" for 127.0.0.1 at 2014-12-13 23:52:15 +0000


Started GET "/assets/jquery.js?body=1" for 127.0.0.1 at 2014-12-13 23:52:15 +0000


Started GET "/assets/application.css?body=1" for 127.0.0.1 at 2014-12-13 23:52:15 +0000


Started GET "/assets/static_pages.css?body=1" for 127.0.0.1 at 2014-12-13 23:52:15 +0000


Started GET "/assets/turbolinks.js?body=1" for 127.0.0.1 at 2014-12-13 23:52:15 +0000


Started GET "/assets/jquery_ujs.js?body=1" for 127.0.0.1 at 2014-12-13 23:52:15 +0000


Started GET "/assets/static_pages.js?body=1" for 127.0.0.1 at 2014-12-13 23:52:15 +0000


Started GET "/assets/application.js?body=1" for 127.0.0.1 at 2014-12-13 23:52:15 +0000


Started GET "/assets/rails.png" for 127.0.0.1 at 2014-12-13 23:52:16 +0000


Started GET "/" for 127.0.0.1 at 2014-12-13 23:54:22 +0000
Processing by StaticPagesController#home as HTML
  Rendered static_pages/home.html.erb within layouts/application (0.4ms)
  Rendered layouts/_shim.html.erb (0.1ms)
  Rendered layouts/_header.html.erb (0.1ms)
  Rendered layouts/_footer.html.erb (0.1ms)
Completed 200 OK in 165ms (Views: 163.7ms | ActiveRecord: 0.0ms)


Started GET "/assets/custom.css?body=1" for 127.0.0.1 at 2014-12-13 23:54:22 +0000


Started GET "/assets/static_pages.css?body=1" for 127.0.0.1 at 2014-12-13 23:54:22 +0000


Started GET "/assets/application.css?body=1" for 127.0.0.1 at 2014-12-13 23:54:22 +0000


Started GET "/assets/jquery_ujs.js?body=1" for 127.0.0.1 at 2014-12-13 23:54:22 +0000


Started GET "/assets/jquery.js?body=1" for 127.0.0.1 at 2014-12-13 23:54:22 +0000


Started GET "/assets/static_pages.js?body=1" for 127.0.0.1 at 2014-12-13 23:54:22 +0000


Started GET "/assets/turbolinks.js?body=1" for 127.0.0.1 at 2014-12-13 23:54:22 +0000


Started GET "/assets/application.js?body=1" for 127.0.0.1 at 2014-12-13 23:54:22 +0000


Started GET "/assets/rails.png" for 127.0.0.1 at 2014-12-13 23:54:22 +0000


Started GET "/" for 127.0.0.1 at 2014-12-14 00:01:28 +0000
Processing by StaticPagesController#home as HTML
  Rendered static_pages/home.html.erb within layouts/application (0.6ms)
  Rendered layouts/_shim.html.erb (0.1ms)
  Rendered layouts/_header.html.erb (61.9ms)
Completed 500 Internal Server Error in 245ms

ActionView::Template::Error (undefined local variable or method `help_path' for #<#<Class:0x007fa4394b0818>:0x007fa4396bbb58>):
    4:     <nav>
    5:       <ul class="nav navbar-nav navbar-right">
    6:         <li><%= link_to "Home",   '#' %></li>
    7:         <li><%= link_to "Help",   help_path %></li>
    8:         <li><%= link_to "Log in", '#' %></li>
    9:       </ul>
   10:     </nav>
  app/views/layouts/_header.html.erb:7:in `_app_views_layouts__header_html_erb___1678545345282896395_70171693948780'
  app/views/layouts/application.html.erb:16:in `_app_views_layouts_application_html_erb__2259531415880372257_70171693713820'


  Rendered /Library/Ruby/Gems/2.0.0/gems/actionpack-4.1.8/lib/action_dispatch/middleware/templates/rescues/_trace.html.erb (1.1ms)
  Rendered /Library/Ruby/Gems/2.0.0/gems/actionpack-4.1.8/lib/action_dispatch/middleware/templates/rescues/_request_and_response.html.erb (0.8ms)
  Rendered /Library/Ruby/Gems/2.0.0/gems/actionpack-4.1.8/lib/action_dispatch/middleware/templates/rescues/template_error.html.erb within rescues/layout (17.0ms)


Started GET "/" for 127.0.0.1 at 2014-12-14 00:05:11 +0000
Processing by StaticPagesController#home as HTML
  Rendered static_pages/home.html.erb within layouts/application (0.9ms)
  Rendered layouts/_shim.html.erb (0.2ms)
  Rendered layouts/_header.html.erb (0.6ms)
  Rendered layouts/_footer.html.erb (0.2ms)
Completed 200 OK in 217ms (Views: 216.2ms | ActiveRecord: 0.0ms)


Started GET "/assets/custom.css?body=1" for 127.0.0.1 at 2014-12-14 00:05:12 +0000


Started GET "/assets/static_pages.css?body=1" for 127.0.0.1 at 2014-12-14 00:05:12 +0000


Started GET "/assets/application.css?body=1" for 127.0.0.1 at 2014-12-14 00:05:12 +0000


Started GET "/assets/static_pages.js?body=1" for 127.0.0.1 at 2014-12-14 00:05:12 +0000


Started GET "/assets/jquery_ujs.js?body=1" for 127.0.0.1 at 2014-12-14 00:05:12 +0000


Started GET "/assets/jquery.js?body=1" for 127.0.0.1 at 2014-12-14 00:05:12 +0000


Started GET "/assets/turbolinks.js?body=1" for 127.0.0.1 at 2014-12-14 00:05:12 +0000


Started GET "/assets/application.js?body=1" for 127.0.0.1 at 2014-12-14 00:05:12 +0000


Started GET "/assets/rails.png" for 127.0.0.1 at 2014-12-14 00:05:12 +0000


Started GET "/help" for 127.0.0.1 at 2014-12-14 00:05:15 +0000
Processing by StaticPagesController#help as HTML
  Rendered static_pages/help.html.erb within layouts/application (0.7ms)
  Rendered layouts/_shim.html.erb (0.3ms)
  Rendered layouts/_header.html.erb (0.7ms)
  Rendered layouts/_footer.html.erb (0.4ms)
Completed 200 OK in 95ms (Views: 94.4ms | ActiveRecord: 0.0ms)


Started GET "/help" for 127.0.0.1 at 2014-12-14 00:06:06 +0000
Processing by StaticPagesController#help as HTML
  Rendered static_pages/help.html.erb within layouts/application (0.8ms)
  Rendered layouts/_shim.html.erb (0.1ms)
  Rendered layouts/_header.html.erb (0.7ms)
  Rendered layouts/_footer.html.erb (0.1ms)
Completed 200 OK in 153ms (Views: 152.6ms | ActiveRecord: 0.0ms)


Started GET "/assets/custom.css?body=1" for 127.0.0.1 at 2014-12-14 00:06:06 +0000


Started GET "/assets/static_pages.css?body=1" for 127.0.0.1 at 2014-12-14 00:06:06 +0000


Started GET "/assets/application.css?body=1" for 127.0.0.1 at 2014-12-14 00:06:06 +0000


Started GET "/assets/turbolinks.js?body=1" for 127.0.0.1 at 2014-12-14 00:06:06 +0000


Started GET "/assets/jquery.js?body=1" for 127.0.0.1 at 2014-12-14 00:06:06 +0000


Started GET "/assets/static_pages.js?body=1" for 127.0.0.1 at 2014-12-14 00:06:06 +0000


Started GET "/assets/jquery_ujs.js?body=1" for 127.0.0.1 at 2014-12-14 00:06:06 +0000


Started GET "/assets/application.js?body=1" for 127.0.0.1 at 2014-12-14 00:06:06 +0000


Started GET "/" for 127.0.0.1 at 2014-12-14 00:06:12 +0000
Processing by StaticPagesController#home as HTML
  Rendered static_pages/home.html.erb within layouts/application (1.3ms)
  Rendered layouts/_shim.html.erb (0.1ms)
  Rendered layouts/_header.html.erb (1.5ms)
  Rendered layouts/_footer.html.erb (0.1ms)
Completed 200 OK in 558ms (Views: 557.1ms | ActiveRecord: 0.0ms)


Started GET "/assets/rails.png" for 127.0.0.1 at 2014-12-14 00:06:12 +0000


Started GET "/help" for 127.0.0.1 at 2014-12-14 00:06:13 +0000
Processing by StaticPagesController#help as HTML
  Rendered static_pages/help.html.erb within layouts/application (0.1ms)
  Rendered layouts/_shim.html.erb (0.1ms)
  Rendered layouts/_header.html.erb (0.4ms)
  Rendered layouts/_footer.html.erb (0.1ms)
Completed 200 OK in 150ms (Views: 149.6ms | ActiveRecord: 0.0ms)


Started GET "/" for 127.0.0.1 at 2014-12-14 00:06:15 +0000
Processing by StaticPagesController#home as HTML
  Rendered static_pages/home.html.erb within layouts/application (0.3ms)
  Rendered layouts/_shim.html.erb (0.0ms)
  Rendered layouts/_header.html.erb (0.3ms)
  Rendered layouts/_footer.html.erb (0.1ms)
Completed 200 OK in 59ms (Views: 58.9ms | ActiveRecord: 0.0ms)


Started GET "/assets/rails.png" for 127.0.0.1 at 2014-12-14 00:06:15 +0000


Started GET "/help" for 127.0.0.1 at 2014-12-14 00:06:37 +0000
Processing by StaticPagesController#help as HTML
  Rendered static_pages/help.html.erb within layouts/application (0.1ms)
  Rendered layouts/_shim.html.erb (0.0ms)
  Rendered layouts/_header.html.erb (0.3ms)
  Rendered layouts/_footer.html.erb (0.1ms)
Completed 200 OK in 54ms (Views: 52.8ms | ActiveRecord: 0.0ms)


Started GET "/" for 127.0.0.1 at 2014-12-14 00:06:37 +0000
Processing by StaticPagesController#home as HTML
  Rendered static_pages/home.html.erb within layouts/application (0.5ms)
  Rendered layouts/_shim.html.erb (0.1ms)
  Rendered layouts/_header.html.erb (0.3ms)
  Rendered layouts/_footer.html.erb (0.1ms)
Completed 200 OK in 114ms (Views: 113.6ms | ActiveRecord: 0.0ms)


Started GET "/assets/rails.png" for 127.0.0.1 at 2014-12-14 00:06:38 +0000


Started GET "/" for 127.0.0.1 at 2014-12-14 11:36:13 +0000
Processing by StaticPagesController#home as HTML
  Rendered static_pages/home.html.erb within layouts/application (5.3ms)
  Rendered layouts/_shim.html.erb (0.1ms)
  Rendered layouts/_header.html.erb (2.1ms)
  Rendered layouts/_footer.html.erb (164.2ms)
Completed 500 Internal Server Error in 536ms

ActionView::Template::Error (undefined local variable or method `about_path' for #<#<Class:0x007fa43f074618>:0x007fa43d9d2568>):
     6:   <nav>
     7:     <ul>
     8:       <li><%= link_to "Home",   root_path %></li>
     9:       <li><%= link_to "About",   about_path %></li>
    10:       <li><%= link_to "Contact", '#' %></li>
    11:       <li><a href="http://news.railstutorial.org/">News</a></li>
    12:     </ul>
  app/views/layouts/_footer.html.erb:9:in `_app_views_layouts__footer_html_erb__638037691137440194_70171704654180'
  app/views/layouts/application.html.erb:20:in `_app_views_layouts_application_html_erb__2259531415880372257_70171693713820'


  Rendered /Library/Ruby/Gems/2.0.0/gems/actionpack-4.1.8/lib/action_dispatch/middleware/templates/rescues/_trace.html.erb (2.6ms)
  Rendered /Library/Ruby/Gems/2.0.0/gems/actionpack-4.1.8/lib/action_dispatch/middleware/templates/rescues/_request_and_response.html.erb (1.2ms)
  Rendered /Library/Ruby/Gems/2.0.0/gems/actionpack-4.1.8/lib/action_dispatch/middleware/templates/rescues/template_error.html.erb within rescues/layout (18.3ms)


Started GET "/" for 127.0.0.1 at 2014-12-14 11:36:14 +0000
Processing by StaticPagesController#home as HTML
  Rendered static_pages/home.html.erb within layouts/application (0.4ms)
  Rendered layouts/_shim.html.erb (0.1ms)
  Rendered layouts/_header.html.erb (0.3ms)
  Rendered layouts/_footer.html.erb (9.9ms)
Completed 500 Internal Server Error in 72ms

ActionView::Template::Error (undefined local variable or method `about_path' for #<#<Class:0x007fa43f074618>:0x007fa4391b9ee8>):
     6:   <nav>
     7:     <ul>
     8:       <li><%= link_to "Home",   root_path %></li>
     9:       <li><%= link_to "About",   about_path %></li>
    10:       <li><%= link_to "Contact", '#' %></li>
    11:       <li><a href="http://news.railstutorial.org/">News</a></li>
    12:     </ul>
  app/views/layouts/_footer.html.erb:9:in `_app_views_layouts__footer_html_erb__638037691137440194_70171692733380'
  app/views/layouts/application.html.erb:20:in `_app_views_layouts_application_html_erb__2259531415880372257_70171693713820'


  Rendered /Library/Ruby/Gems/2.0.0/gems/actionpack-4.1.8/lib/action_dispatch/middleware/templates/rescues/_trace.html.erb (1.1ms)
  Rendered /Library/Ruby/Gems/2.0.0/gems/actionpack-4.1.8/lib/action_dispatch/middleware/templates/rescues/_request_and_response.html.erb (0.9ms)
  Rendered /Library/Ruby/Gems/2.0.0/gems/actionpack-4.1.8/lib/action_dispatch/middleware/templates/rescues/template_error.html.erb within rescues/layout (10.7ms)


Started GET "/" for 127.0.0.1 at 2014-12-14 11:36:57 +0000
Processing by StaticPagesController#home as HTML
  Rendered static_pages/home.html.erb within layouts/application (0.4ms)
  Rendered layouts/_shim.html.erb (0.1ms)
  Rendered layouts/_header.html.erb (0.6ms)
  Rendered layouts/_footer.html.erb (0.9ms)
Completed 200 OK in 97ms (Views: 95.6ms | ActiveRecord: 0.0ms)


Started GET "/assets/custom.css?body=1" for 127.0.0.1 at 2014-12-14 11:36:57 +0000


Started GET "/assets/application.css?body=1" for 127.0.0.1 at 2014-12-14 11:36:57 +0000


Started GET "/assets/jquery.js?body=1" for 127.0.0.1 at 2014-12-14 11:36:57 +0000


Started GET "/assets/static_pages.js?body=1" for 127.0.0.1 at 2014-12-14 11:36:57 +0000


Started GET "/assets/static_pages.css?body=1" for 127.0.0.1 at 2014-12-14 11:36:57 +0000


Started GET "/assets/jquery_ujs.js?body=1" for 127.0.0.1 at 2014-12-14 11:36:57 +0000


Started GET "/assets/turbolinks.js?body=1" for 127.0.0.1 at 2014-12-14 11:36:57 +0000


Started GET "/assets/application.js?body=1" for 127.0.0.1 at 2014-12-14 11:36:57 +0000


Started GET "/assets/rails.png" for 127.0.0.1 at 2014-12-14 11:36:57 +0000


Started GET "/help" for 127.0.0.1 at 2014-12-14 11:37:09 +0000
Processing by StaticPagesController#help as HTML
  Rendered static_pages/help.html.erb within layouts/application (0.2ms)
  Rendered layouts/_shim.html.erb (0.0ms)
  Rendered layouts/_header.html.erb (0.3ms)
  Rendered layouts/_footer.html.erb (0.6ms)
Completed 200 OK in 71ms (Views: 70.3ms | ActiveRecord: 0.0ms)


Started GET "/" for 127.0.0.1 at 2014-12-14 11:37:11 +0000
Processing by StaticPagesController#home as HTML
  Rendered static_pages/home.html.erb within layouts/application (0.3ms)
  Rendered layouts/_shim.html.erb (0.0ms)
  Rendered layouts/_header.html.erb (0.3ms)
  Rendered layouts/_footer.html.erb (0.2ms)
Completed 200 OK in 59ms (Views: 58.6ms | ActiveRecord: 0.0ms)


Started GET "/assets/rails.png" for 127.0.0.1 at 2014-12-14 11:37:11 +0000


Started GET "/" for 127.0.0.1 at 2014-12-14 11:37:47 +0000
Processing by StaticPagesController#home as HTML
  Rendered static_pages/home.html.erb within layouts/application (0.4ms)
  Rendered layouts/_shim.html.erb (0.1ms)
  Rendered layouts/_header.html.erb (0.3ms)
  Rendered layouts/_footer.html.erb (0.7ms)
Completed 200 OK in 157ms (Views: 156.2ms | ActiveRecord: 0.0ms)


Started GET "/assets/custom.css?body=1" for 127.0.0.1 at 2014-12-14 11:37:47 +0000


Started GET "/assets/static_pages.css?body=1" for 127.0.0.1 at 2014-12-14 11:37:47 +0000


Started GET "/assets/static_pages.js?body=1" for 127.0.0.1 at 2014-12-14 11:37:47 +0000


Started GET "/assets/application.css?body=1" for 127.0.0.1 at 2014-12-14 11:37:47 +0000


Started GET "/assets/jquery.js?body=1" for 127.0.0.1 at 2014-12-14 11:37:47 +0000


Started GET "/assets/turbolinks.js?body=1" for 127.0.0.1 at 2014-12-14 11:37:47 +0000


Started GET "/assets/jquery_ujs.js?body=1" for 127.0.0.1 at 2014-12-14 11:37:47 +0000


Started GET "/assets/application.js?body=1" for 127.0.0.1 at 2014-12-14 11:37:47 +0000


Started GET "/assets/rails.png" for 127.0.0.1 at 2014-12-14 11:37:47 +0000


Started GET "/contact" for 127.0.0.1 at 2014-12-14 11:37:49 +0000
Processing by StaticPagesController#contact as HTML
  Rendered static_pages/contact.html.erb within layouts/application (0.9ms)
  Rendered layouts/_shim.html.erb (0.0ms)
  Rendered layouts/_header.html.erb (0.3ms)
  Rendered layouts/_footer.html.erb (0.6ms)
Completed 200 OK in 75ms (Views: 74.6ms | ActiveRecord: 0.0ms)


Started GET "/" for 127.0.0.1 at 2014-12-14 11:37:52 +0000
Processing by StaticPagesController#home as HTML
  Rendered static_pages/home.html.erb within layouts/application (0.3ms)
  Rendered layouts/_shim.html.erb (0.0ms)
  Rendered layouts/_header.html.erb (0.3ms)
  Rendered layouts/_footer.html.erb (0.2ms)
Completed 200 OK in 51ms (Views: 50.7ms | ActiveRecord: 0.0ms)


Started GET "/assets/rails.png" for 127.0.0.1 at 2014-12-14 11:37:52 +0000


Started GET "/" for 127.0.0.1 at 2014-12-14 11:38:17 +0000
Processing by StaticPagesController#home as HTML
  Rendered static_pages/home.html.erb within layouts/application (0.3ms)
  Rendered layouts/_shim.html.erb (0.1ms)
  Rendered layouts/_header.html.erb (0.9ms)
  Rendered layouts/_footer.html.erb (0.2ms)
Completed 200 OK in 59ms (Views: 58.6ms | ActiveRecord: 0.0ms)


Started GET "/assets/custom.css?body=1" for 127.0.0.1 at 2014-12-14 11:38:17 +0000


Started GET "/assets/jquery.js?body=1" for 127.0.0.1 at 2014-12-14 11:38:17 +0000


Started GET "/assets/application.css?body=1" for 127.0.0.1 at 2014-12-14 11:38:17 +0000


Started GET "/assets/static_pages.css?body=1" for 127.0.0.1 at 2014-12-14 11:38:17 +0000


Started GET "/assets/jquery_ujs.js?body=1" for 127.0.0.1 at 2014-12-14 11:38:17 +0000


Started GET "/assets/turbolinks.js?body=1" for 127.0.0.1 at 2014-12-14 11:38:17 +0000


Started GET "/assets/static_pages.js?body=1" for 127.0.0.1 at 2014-12-14 11:38:17 +0000


Started GET "/assets/application.js?body=1" for 127.0.0.1 at 2014-12-14 11:38:17 +0000


Started GET "/assets/rails.png" for 127.0.0.1 at 2014-12-14 11:38:17 +0000


Started GET "/contact" for 127.0.0.1 at 2014-12-14 11:38:24 +0000
Processing by StaticPagesController#contact as HTML
  Rendered static_pages/contact.html.erb within layouts/application (0.1ms)
  Rendered layouts/_shim.html.erb (0.0ms)
  Rendered layouts/_header.html.erb (0.8ms)
  Rendered layouts/_footer.html.erb (0.2ms)
Completed 200 OK in 116ms (Views: 114.8ms | ActiveRecord: 0.0ms)


Started GET "/" for 127.0.0.1 at 2014-12-14 11:38:25 +0000
Processing by StaticPagesController#home as HTML
  Rendered static_pages/home.html.erb within layouts/application (0.3ms)
  Rendered layouts/_shim.html.erb (0.0ms)
  Rendered layouts/_header.html.erb (0.3ms)
  Rendered layouts/_footer.html.erb (0.2ms)
Completed 200 OK in 57ms (Views: 56.4ms | ActiveRecord: 0.0ms)


Started GET "/assets/rails.png" for 127.0.0.1 at 2014-12-14 11:38:25 +0000


Started GET "/" for 127.0.0.1 at 2014-12-14 11:47:32 +0000
Processing by StaticPagesController#home as HTML
  Rendered static_pages/home.html.erb within layouts/application (2.2ms)
  Rendered layouts/_shim.html.erb (0.1ms)
  Rendered layouts/_header.html.erb (2.3ms)
  Rendered layouts/_footer.html.erb (0.6ms)
Completed 200 OK in 1650ms (Views: 1097.8ms | ActiveRecord: 0.0ms)


Started GET "/assets/custom.css?body=1" for 127.0.0.1 at 2014-12-14 11:47:34 +0000


Started GET "/assets/users.css?body=1" for 127.0.0.1 at 2014-12-14 11:47:34 +0000


Started GET "/assets/application.css?body=1" for 127.0.0.1 at 2014-12-14 11:47:34 +0000


Started GET "/assets/turbolinks.js?body=1" for 127.0.0.1 at 2014-12-14 11:47:34 +0000


Started GET "/assets/static_pages.css?body=1" for 127.0.0.1 at 2014-12-14 11:47:34 +0000


Started GET "/assets/users.js?body=1" for 127.0.0.1 at 2014-12-14 11:47:34 +0000


Started GET "/assets/jquery_ujs.js?body=1" for 127.0.0.1 at 2014-12-14 11:47:34 +0000


Started GET "/assets/jquery.js?body=1" for 127.0.0.1 at 2014-12-14 11:47:34 +0000


Started GET "/assets/application.js?body=1" for 127.0.0.1 at 2014-12-14 11:47:34 +0000


Started GET "/assets/static_pages.js?body=1" for 127.0.0.1 at 2014-12-14 11:47:34 +0000


Started GET "/assets/rails.png" for 127.0.0.1 at 2014-12-14 11:47:34 +0000


Started GET "/signup" for 127.0.0.1 at 2014-12-14 11:47:37 +0000
Processing by UsersController#new as HTML
  Rendered users/new.html.erb within layouts/application (0.7ms)
  Rendered layouts/_shim.html.erb (0.0ms)
  Rendered layouts/_header.html.erb (0.9ms)
  Rendered layouts/_footer.html.erb (0.2ms)
Completed 200 OK in 91ms (Views: 90.0ms | ActiveRecord: 0.0ms)
